c:\users\randall hedglin\documents\visual studio 2015\projects\windowsane_universal\windowsane_universal\release\vc140.pdb
c:\users\randall hedglin\documents\visual studio 2015\projects\windowsane_universal\windowsane_universal\release\windowsane.obj
c:\users\randall hedglin\documents\visual studio 2015\projects\windowsane_universal\release\windowsane_universal\windowsane_universal.dll
c:\users\randall hedglin\documents\visual studio 2015\projects\windowsane_universal\release\windowsane_universal\windowsane_universal.ipdb
c:\users\randall hedglin\documents\visual studio 2015\projects\windowsane_universal\release\windowsane_universal\windowsane_universal.iobj
c:\users\randall hedglin\documents\visual studio 2015\projects\windowsane_universal\release\windowsane_universal\windowsane_universal.pdb
c:\users\randall hedglin\documents\visual studio 2015\projects\windowsane_universal\release\windowsane_universal\windowsane_universal.lib
c:\users\randall hedglin\documents\visual studio 2015\projects\windowsane_universal\release\windowsane_universal\windowsane_universal.exp
c:\users\randall hedglin\documents\visual studio 2015\projects\windowsane_universal\windowsane_universal\release\priconfig.xml
c:\users\randall hedglin\documents\visual studio 2015\projects\windowsane_universal\windowsane_universal\release\priconfig.xml.intermediate
c:\users\randall hedglin\documents\visual studio 2015\projects\windowsane_universal\windowsane_universal\release\layout.resfiles
c:\users\randall hedglin\documents\visual studio 2015\projects\windowsane_universal\windowsane_universal\release\layout.resfiles.intermediate
c:\users\randall hedglin\documents\visual studio 2015\projects\windowsane_universal\windowsane_universal\release\resources.resfiles
c:\users\randall hedglin\documents\visual studio 2015\projects\windowsane_universal\windowsane_universal\release\resources.resfiles.intermediate
c:\users\randall hedglin\documents\visual studio 2015\projects\windowsane_universal\windowsane_universal\release\pri.resfiles
c:\users\randall hedglin\documents\visual studio 2015\projects\windowsane_universal\windowsane_universal\release\pri.resfiles.intermediate
c:\users\randall hedglin\documents\visual studio 2015\projects\windowsane_universal\release\windowsane_universal\windowsane_universal.pri
c:\users\randall hedglin\documents\visual studio 2015\projects\windowsane_universal\windowsane_universal\release\qualifiers.txt
c:\users\randall hedglin\documents\visual studio 2015\projects\windowsane_universal\windowsane_universal\release\qualifiers.txt.intermediate
c:\users\randall hedglin\documents\visual studio 2015\projects\windowsane_universal\windowsane_universal\release\multiplequalifiersperdimensionfound.txt
c:\users\randall hedglin\documents\visual studio 2015\projects\windowsane_universal\windowsane_universal\release\embed.resfiles
c:\users\randall hedglin\documents\visual studio 2015\projects\windowsane_universal\windowsane_universal\release\windowsa.32066abd.tlog\cl.command.1.tlog
c:\users\randall hedglin\documents\visual studio 2015\projects\windowsane_universal\windowsane_universal\release\windowsa.32066abd.tlog\cl.read.1.tlog
c:\users\randall hedglin\documents\visual studio 2015\projects\windowsane_universal\windowsane_universal\release\windowsa.32066abd.tlog\cl.write.1.tlog
c:\users\randall hedglin\documents\visual studio 2015\projects\windowsane_universal\windowsane_universal\release\windowsa.32066abd.tlog\link.command.1.tlog
c:\users\randall hedglin\documents\visual studio 2015\projects\windowsane_universal\windowsane_universal\release\windowsa.32066abd.tlog\link.read.1.tlog
c:\users\randall hedglin\documents\visual studio 2015\projects\windowsane_universal\windowsane_universal\release\windowsa.32066abd.tlog\link.write.1.tlog
c:\users\randall hedglin\documents\visual studio 2015\projects\windowsane_universal\windowsane_universal\release\windowsa.32066abd.tlog\windowsane_universal.read.1u.tlog
c:\users\randall hedglin\documents\visual studio 2015\projects\windowsane_universal\windowsane_universal\release\windowsa.32066abd.tlog\windowsane_universal.write.1u.tlog
